\BOOKMARK [1][-]{section.1}{\376\377\000I\000n\000t\000r\000o\000d\000u\000c\000t\000i\000o\000n}{}% 1
\BOOKMARK [1][-]{section.2}{\376\377\000U\000n\000i\000x\000\040\000a\000n\000d\000\040\000t\000h\000e\000\040\000S\000h\000e\000l\000l}{}% 2
\BOOKMARK [1][-]{section.3}{\376\377\000G\000n\000u\000\040\000P\000l\000o\000t\000\040\000\050\000g\000n\000u\000p\000l\000o\000t\000\051}{}% 3
\BOOKMARK [1][-]{section.4}{\376\377\000L\000a\000T\000e\000X\000\040\000\050\000p\000d\000f\000l\000a\000t\000e\000x\000\051}{}% 4
\BOOKMARK [1][-]{section.5}{\376\377\000Y\000o\000u\000r\000\040\000T\000a\000s\000k}{}% 5
\BOOKMARK [1][-]{section.6}{\376\377\000b\000a\000s\000h}{}% 6
\BOOKMARK [2][-]{subsection.6.1}{\376\377\000C\000o\000m\000m\000a\000n\000d\000s\000\040\000a\000n\000d\000\040\000A\000r\000g\000u\000m\000e\000n\000t\000s}{section.6}% 7
\BOOKMARK [2][-]{subsection.6.2}{\376\377\000B\000u\000i\000l\000t\000-\000i\000n\000s}{section.6}% 8
\BOOKMARK [2][-]{subsection.6.3}{\376\377\000E\000x\000e\000c\000u\000t\000a\000b\000l\000e\000s}{section.6}% 9
\BOOKMARK [2][-]{subsection.6.4}{\376\377\000P\000a\000r\000a\000m\000e\000t\000e\000r\000s}{section.6}% 10
\BOOKMARK [2][-]{subsection.6.5}{\376\377\000C\000o\000n\000d\000i\000t\000i\000o\000n\000a\000l\000s}{section.6}% 11
\BOOKMARK [2][-]{subsection.6.6}{\376\377\000L\000o\000o\000p\000s}{section.6}% 12
\BOOKMARK [2][-]{subsection.6.7}{\376\377\000I\000n\000p\000u\000t\000\040\000a\000n\000d\000\040\000O\000u\000t\000p\000u\000t}{section.6}% 13
\BOOKMARK [3][-]{subsubsection.6.7.1}{\376\377\000F\000i\000l\000e\000\040\000R\000e\000d\000i\000r\000e\000c\000t\000i\000o\000n}{subsection.6.7}% 14
\BOOKMARK [3][-]{subsubsection.6.7.2}{\376\377\000P\000i\000p\000e\000s}{subsection.6.7}% 15
\BOOKMARK [2][-]{subsection.6.8}{\376\377\000H\000e\000r\000e\000-\000D\000o\000c\000u\000m\000e\000n\000t\000s}{section.6}% 16
\BOOKMARK [2][-]{subsection.6.9}{\376\377\000A\000\040\000S\000i\000m\000p\000l\000e\000\040\000b\000a\000s\000h\000\040\000S\000c\000r\000i\000p\000t}{section.6}% 17
\BOOKMARK [1][-]{section.7}{\376\377\000U\000s\000e\000f\000u\000l\000\040\000C\000o\000m\000m\000a\000n\000d\000s}{}% 18
\BOOKMARK [1][-]{section.8}{\376\377\000D\000e\000l\000i\000v\000e\000r\000a\000b\000l\000e\000s}{}% 19
\BOOKMARK [1][-]{section.9}{\376\377\000S\000u\000b\000m\000i\000s\000s\000i\000o\000n}{}% 20
\BOOKMARK [1][-]{section.10}{\376\377\000S\000u\000p\000p\000l\000e\000m\000e\000n\000t\000a\000l\000\040\000R\000e\000a\000d\000i\000n\000g\000s}{}% 21
